warn:    --minUptime not set. Defaulting to: 1000ms
warn:    --spinSleepTime not set. Your script will exit if it does not stay up for at least 1000ms
connection successful
collection removed
FATAL ERROR: Evacuation Allocation failed - process out of memory
error: Forever detected script was killed by signal: SIGABRT
error: Script restart attempt #1
connection successful
FATAL ERROR: Evacuation Allocation failed - process out of memory
error: Forever detected script was killed by signal: SIGABRT
error: Script restart attempt #2
connection successful
FATAL ERROR: Evacuation Allocation failed - process out of memory
error: Forever detected script was killed by signal: SIGABRT
error: Script restart attempt #3
connection successful
FATAL ERROR: Evacuation Allocation failed - process out of memory
error: Forever detected script was killed by signal: SIGABRT
error: Script restart attempt #4
connection successful
collection removed
collection removed
collection removed
collection removed
FATAL ERROR: Evacuation Allocation failed - process out of memory
error: Forever detected script was killed by signal: SIGABRT
error: Script restart attempt #5
connection successful
warn:    --minUptime not set. Defaulting to: 1000ms
warn:    --spinSleepTime not set. Your script will exit if it does not stay up for at least 1000ms
connection successful
